<?xml version="1.0" encoding="UTF-8"?>
<!-- Generated by org.testng.reporters.JUnitReportReporter -->
<testsuite hostname="BALA" failures="0" tests="1" name="com.actitime.pom.TestMethodcls" time="9.297" errors="0" timestamp="2023-05-10T14:09:59 IST" skipped="0">
  <testcase classname="com.actitime.pom.TestMethodcls" name="validLogin" time="9.297"/>
  <system-out/>
</testsuite> <!-- com.actitime.pom.TestMethodcls -->
