<?xml version="1.0" encoding="UTF-8"?>
<!-- Generated by org.testng.reporters.JUnitReportReporter -->
<testsuite hostname="BALA" failures="0" tests="1" name="com.actime.testscript.DemoAssertion" time="4.857" errors="0" timestamp="2023-04-27T11:37:22 IST" skipped="0">
  <testcase classname="com.actime.testscript.DemoAssertion" name="verifytitle" time="4.857"/>
  <system-out/>
</testsuite> <!-- com.actime.testscript.DemoAssertion -->
