<?xml version="1.0" encoding="UTF-8"?>
<!-- Generated by org.testng.reporters.JUnitReportReporter -->
<testsuite hostname="BALA" failures="0" tests="3" name="com.actime.testscript.ProjectModule" time="0.007" errors="0" timestamp="2023-04-26T13:34:44 IST" skipped="0">
  <testcase classname="com.actime.testscript.ProjectModule" name="modifyProject" time="0.002"/>
  <system-out>
    <![CDATA[ModifyProject]]>
  </system-out>
  <testcase classname="com.actime.testscript.ProjectModule" name="createProject" time="0.002"/>
  <system-out>
    <![CDATA[CreateProject]]>
  </system-out>
  <testcase classname="com.actime.testscript.ProjectModule" name="deleteProject" time="0.003"/>
  <system-out>
    <![CDATA[DeleteProject]]>
  </system-out>
</testsuite> <!-- com.actime.testscript.ProjectModule -->
