<?xml version="1.0" encoding="UTF-8"?>
<!-- Generated by org.testng.reporters.JUnitReportReporter -->
<testsuite hostname="BALA" failures="0" tests="3" name="com.actime.testscript.TaskModule" time="0.013" errors="0" timestamp="2023-04-26T13:34:44 IST" skipped="0">
  <testcase classname="com.actime.testscript.TaskModule" name="createTask" time="0.003"/>
  <system-out>
    <![CDATA[CreateTask]]>
  </system-out>
  <testcase classname="com.actime.testscript.TaskModule" name="deleteTask" time="0.002"/>
  <system-out>
    <![CDATA[DeleteTask]]>
  </system-out>
  <testcase classname="com.actime.testscript.TaskModule" name="modifyTask" time="0.008"/>
  <system-out>
    <![CDATA[ModifyTask]]>
  </system-out>
</testsuite> <!-- com.actime.testscript.TaskModule -->
