<?xml version="1.0" encoding="UTF-8"?>
<!-- Generated by org.testng.reporters.JUnitReportReporter -->
<testsuite hostname="BALA" failures="0" tests="3" name="com.actime.testscript.DemoTesting" time="0.027" errors="0" timestamp="2023-04-24T19:07:56 IST" skipped="0">
  <testcase classname="com.actime.testscript.DemoTesting" name="createCustomer" time="0.021"/>
  <system-out>
    <![CDATA[CreateCustomer]]>
  </system-out>
  <testcase classname="com.actime.testscript.DemoTesting" name="modifyCustomer" time="0.003"/>
  <system-out>
    <![CDATA[ModifyCustomer]]>
  </system-out>
  <testcase classname="com.actime.testscript.DemoTesting" name="deleteCustomer" time="0.003"/>
  <system-out>
    <![CDATA[DeleteCustomer]]>
  </system-out>
</testsuite> <!-- com.actime.testscript.DemoTesting -->
